<?xml version="1.0" encoding="UTF-8"?>
<!-- Generated by org.testng.reporters.JUnitReportReporter -->
<testsuite hostname="LAPTOP-QGM8NV1C" failures="0" tests="1" name="Nursemateproject.emailtrigger" time="3.403" errors="0" timestamp="29 Mar 2023 13:48:30 GMT" skipped="0">
  <testcase classname="Nursemateproject.emailtrigger" name="main" time="3.403"/>
</testsuite> <!-- Nursemateproject.emailtrigger -->
