<?xml version="1.0" encoding="UTF-8"?>
<!-- Generated by org.testng.reporters.JUnitReportReporter -->
<testsuite hostname="LAPTOP-QGM8NV1C" failures="0" tests="1" name="automated.amazon" time="9.066" errors="0" timestamp="22 Apr 2023 11:47:09 GMT" skipped="0">
  <testcase classname="automated.amazon" name="main" time="9.066"/>
</testsuite> <!-- automated.amazon -->
