<?xml version="1.0" encoding="UTF-8"?>
<!-- Generated by org.testng.reporters.JUnitReportReporter -->
<testsuite hostname="LAPTOP-QGM8NV1C" failures="0" tests="1" name="Nursemateproject.login" time="5.639" errors="0" timestamp="29 Mar 2023 09:48:13 GMT" skipped="0">
  <testcase classname="Nursemateproject.login" name="main" time="5.639"/>
</testsuite> <!-- Nursemateproject.login -->
