<?xml version="1.0" encoding="UTF-8"?>
<!-- Generated by org.testng.reporters.JUnitReportReporter -->
<testsuite hostname="LAPTOP-QGM8NV1C" failures="0" tests="1" name="automated.amazon" time="12.542" errors="0" timestamp="08 May 2023 12:48:29 GMT" skipped="0">
  <testcase classname="automated.amazon" name="main" time="12.542"/>
</testsuite> <!-- automated.amazon -->
