<?xml version="1.0" encoding="UTF-8"?>
<!-- Generated by org.testng.reporters.JUnitReportReporter -->
<testsuite hostname="LAPTOP-QGM8NV1C" failures="0" tests="1" name="automated.amazon" time="10.733" errors="0" timestamp="08 May 2023 13:08:46 GMT" skipped="0">
  <testcase classname="automated.amazon" name="main" time="10.733"/>
</testsuite> <!-- automated.amazon -->
