<?xml version="1.0" encoding="UTF-8"?>
<!-- Generated by org.testng.reporters.JUnitReportReporter -->
<testsuite hostname="LAPTOP-QGM8NV1C" failures="0" tests="1" name="automated.amazon" time="9.260" errors="0" timestamp="28 Apr 2023 11:15:10 GMT" skipped="0">
  <testcase classname="automated.amazon" name="main" time="9.260"/>
</testsuite> <!-- automated.amazon -->
